c:\ckgithubprojects\chilkat-for-universal-windows-platform-uwp-vs2015\chilkatuwp\debug\chilkat\chilkat.winmd
c:\ckgithubprojects\chilkat-for-universal-windows-platform-uwp-vs2015\chilkatuwp\debug\chilkat\chilkat.lib
c:\ckgithubprojects\chilkat-for-universal-windows-platform-uwp-vs2015\chilkatuwp\debug\chilkat\chilkat.exp
c:\ckgithubprojects\chilkat-for-universal-windows-platform-uwp-vs2015\chilkat\debug\chilkat.vcxprojresolveassemblyreference.cache
c:\ckgithubprojects\chilkat-for-universal-windows-platform-uwp-vs2015\chilkat\debug\priconfig.xml
c:\ckgithubprojects\chilkat-for-universal-windows-platform-uwp-vs2015\chilkat\debug\priconfig.xml.intermediate
c:\ckgithubprojects\chilkat-for-universal-windows-platform-uwp-vs2015\chilkat\debug\layout.resfiles
c:\ckgithubprojects\chilkat-for-universal-windows-platform-uwp-vs2015\chilkat\debug\layout.resfiles.intermediate
c:\ckgithubprojects\chilkat-for-universal-windows-platform-uwp-vs2015\chilkat\debug\resources.resfiles
c:\ckgithubprojects\chilkat-for-universal-windows-platform-uwp-vs2015\chilkat\debug\resources.resfiles.intermediate
c:\ckgithubprojects\chilkat-for-universal-windows-platform-uwp-vs2015\chilkat\debug\pri.resfiles
c:\ckgithubprojects\chilkat-for-universal-windows-platform-uwp-vs2015\chilkat\debug\pri.resfiles.intermediate
c:\ckgithubprojects\chilkat-for-universal-windows-platform-uwp-vs2015\chilkatuwp\debug\chilkat\chilkat.pri
c:\ckgithubprojects\chilkat-for-universal-windows-platform-uwp-vs2015\chilkat\debug\qualifiers.txt
c:\ckgithubprojects\chilkat-for-universal-windows-platform-uwp-vs2015\chilkat\debug\qualifiers.txt.intermediate
c:\ckgithubprojects\chilkat-for-universal-windows-platform-uwp-vs2015\chilkat\debug\multiplequalifiersperdimensionfound.txt
c:\ckgithubprojects\chilkat-for-universal-windows-platform-uwp-vs2015\chilkat\debug\pch.pch
c:\ckgithubprojects\chilkat-for-universal-windows-platform-uwp-vs2015\chilkat\debug\vc140.pdb
c:\ckgithubprojects\chilkat-for-universal-windows-platform-uwp-vs2015\chilkat\debug\vc140.idb
c:\ckgithubprojects\chilkat-for-universal-windows-platform-uwp-vs2015\chilkat\debug\pch.obj
c:\ckgithubprojects\chilkat-for-universal-windows-platform-uwp-vs2015\chilkat\debug\atom.obj
c:\ckgithubprojects\chilkat-for-universal-windows-platform-uwp-vs2015\chilkat\debug\certchain.obj
c:\ckgithubprojects\chilkat-for-universal-windows-platform-uwp-vs2015\chilkat\debug\compression.obj
c:\ckgithubprojects\chilkat-for-universal-windows-platform-uwp-vs2015\chilkat\debug\hashtable.obj
c:\ckgithubprojects\chilkat-for-universal-windows-platform-uwp-vs2015\chilkat\debug\htmltoxml.obj
c:\ckgithubprojects\chilkat-for-universal-windows-platform-uwp-vs2015\chilkat\debug\httprequest.obj
c:\ckgithubprojects\chilkat-for-universal-windows-platform-uwp-vs2015\chilkat\debug\httpresponse.obj
c:\ckgithubprojects\chilkat-for-universal-windows-platform-uwp-vs2015\chilkat\debug\imap.obj
c:\ckgithubprojects\chilkat-for-universal-windows-platform-uwp-vs2015\chilkat\debug\privatekey.obj
c:\ckgithubprojects\chilkat-for-universal-windows-platform-uwp-vs2015\chilkat\debug\publickey.obj
c:\ckgithubprojects\chilkat-for-universal-windows-platform-uwp-vs2015\chilkat\debug\scp.obj
c:\ckgithubprojects\chilkat-for-universal-windows-platform-uwp-vs2015\chilkat\debug\ssh.obj
c:\ckgithubprojects\chilkat-for-universal-windows-platform-uwp-vs2015\chilkat\debug\stringarray.obj
c:\ckgithubprojects\chilkat-for-universal-windows-platform-uwp-vs2015\chilkat\debug\trustedroots.obj
c:\ckgithubprojects\chilkat-for-universal-windows-platform-uwp-vs2015\chilkat\debug\url.obj
c:\ckgithubprojects\chilkat-for-universal-windows-platform-uwp-vs2015\chilkat\debug\xml.obj
c:\ckgithubprojects\chilkat-for-universal-windows-platform-uwp-vs2015\chilkat\debug\zipcrc.obj
c:\ckgithubprojects\chilkat-for-universal-windows-platform-uwp-vs2015\chilkat\debug\bz2.obj
c:\ckgithubprojects\chilkat-for-universal-windows-platform-uwp-vs2015\chilkat\debug\ckdatetime.obj
c:\ckgithubprojects\chilkat-for-universal-windows-platform-uwp-vs2015\chilkat\debug\csv.obj
c:\ckgithubprojects\chilkat-for-universal-windows-platform-uwp-vs2015\chilkat\debug\dirtree.obj
c:\ckgithubprojects\chilkat-for-universal-windows-platform-uwp-vs2015\chilkat\debug\dsa.obj
c:\ckgithubprojects\chilkat-for-universal-windows-platform-uwp-vs2015\chilkat\debug\dtobj.obj
c:\ckgithubprojects\chilkat-for-universal-windows-platform-uwp-vs2015\chilkat\debug\ecc.obj
c:\ckgithubprojects\chilkat-for-universal-windows-platform-uwp-vs2015\chilkat\debug\emailbundle.obj
c:\ckgithubprojects\chilkat-for-universal-windows-platform-uwp-vs2015\chilkat\debug\global.obj
c:\ckgithubprojects\chilkat-for-universal-windows-platform-uwp-vs2015\chilkat\debug\htmltotext.obj
c:\ckgithubprojects\chilkat-for-universal-windows-platform-uwp-vs2015\chilkat\debug\http.obj
c:\ckgithubprojects\chilkat-for-universal-windows-platform-uwp-vs2015\chilkat\debug\messageset.obj
c:\ckgithubprojects\chilkat-for-universal-windows-platform-uwp-vs2015\chilkat\debug\mht.obj
c:\ckgithubprojects\chilkat-for-universal-windows-platform-uwp-vs2015\chilkat\debug\ntlm.obj
c:\ckgithubprojects\chilkat-for-universal-windows-platform-uwp-vs2015\chilkat\debug\pem.obj
c:\ckgithubprojects\chilkat-for-universal-windows-platform-uwp-vs2015\chilkat\debug\rsa.obj
c:\ckgithubprojects\chilkat-for-universal-windows-platform-uwp-vs2015\chilkat\debug\sftp.obj
c:\ckgithubprojects\chilkat-for-universal-windows-platform-uwp-vs2015\chilkat\debug\upload.obj
c:\ckgithubprojects\chilkat-for-universal-windows-platform-uwp-vs2015\chilkat\debug\xmlcertvault.obj
c:\ckgithubprojects\chilkat-for-universal-windows-platform-uwp-vs2015\chilkat\debug\zipentry.obj
c:\ckgithubprojects\chilkat-for-universal-windows-platform-uwp-vs2015\chilkat\debug\asn.obj
c:\ckgithubprojects\chilkat-for-universal-windows-platform-uwp-vs2015\chilkat\debug\cache.obj
c:\ckgithubprojects\chilkat-for-universal-windows-platform-uwp-vs2015\chilkat\debug\certstore.obj
c:\ckgithubprojects\chilkat-for-universal-windows-platform-uwp-vs2015\chilkat\debug\chilkatptr.obj
c:\ckgithubprojects\chilkat-for-universal-windows-platform-uwp-vs2015\chilkat\debug\dh.obj
c:\ckgithubprojects\chilkat-for-universal-windows-platform-uwp-vs2015\chilkat\debug\dkim.obj
c:\ckgithubprojects\chilkat-for-universal-windows-platform-uwp-vs2015\chilkat\debug\email.obj
c:\ckgithubprojects\chilkat-for-universal-windows-platform-uwp-vs2015\chilkat\debug\ftp2.obj
c:\ckgithubprojects\chilkat-for-universal-windows-platform-uwp-vs2015\chilkat\debug\mime.obj
c:\ckgithubprojects\chilkat-for-universal-windows-platform-uwp-vs2015\chilkat\debug\oauth1.obj
c:\ckgithubprojects\chilkat-for-universal-windows-platform-uwp-vs2015\chilkat\debug\pfx.obj
c:\ckgithubprojects\chilkat-for-universal-windows-platform-uwp-vs2015\chilkat\debug\prng.obj
c:\ckgithubprojects\chilkat-for-universal-windows-platform-uwp-vs2015\chilkat\debug\rss.obj
c:\ckgithubprojects\chilkat-for-universal-windows-platform-uwp-vs2015\chilkat\debug\sftpdir.obj
c:\ckgithubprojects\chilkat-for-universal-windows-platform-uwp-vs2015\chilkat\debug\sftpfile.obj
c:\ckgithubprojects\chilkat-for-universal-windows-platform-uwp-vs2015\chilkat\debug\socket.obj
c:\ckgithubprojects\chilkat-for-universal-windows-platform-uwp-vs2015\chilkat\debug\unixcompress.obj
c:\ckgithubprojects\chilkat-for-universal-windows-platform-uwp-vs2015\chilkat\debug\zip.obj
c:\ckgithubprojects\chilkat-for-universal-windows-platform-uwp-vs2015\chilkat\debug\bounce.obj
c:\ckgithubprojects\chilkat-for-universal-windows-platform-uwp-vs2015\chilkat\debug\cert.obj
c:\ckgithubprojects\chilkat-for-universal-windows-platform-uwp-vs2015\chilkat\debug\charset.obj
c:\ckgithubprojects\chilkat-for-universal-windows-platform-uwp-vs2015\chilkat\debug\crypt2.obj
c:\ckgithubprojects\chilkat-for-universal-windows-platform-uwp-vs2015\chilkat\debug\fileaccess.obj
c:\ckgithubprojects\chilkat-for-universal-windows-platform-uwp-vs2015\chilkat\debug\gzip.obj
c:\ckgithubprojects\chilkat-for-universal-windows-platform-uwp-vs2015\chilkat\debug\javakeystore.obj
c:\ckgithubprojects\chilkat-for-universal-windows-platform-uwp-vs2015\chilkat\debug\jsonarray.obj
c:\ckgithubprojects\chilkat-for-universal-windows-platform-uwp-vs2015\chilkat\debug\jsonobject.obj
c:\ckgithubprojects\chilkat-for-universal-windows-platform-uwp-vs2015\chilkat\debug\log.obj
c:\ckgithubprojects\chilkat-for-universal-windows-platform-uwp-vs2015\chilkat\debug\mailboxes.obj
c:\ckgithubprojects\chilkat-for-universal-windows-platform-uwp-vs2015\chilkat\debug\mailman.obj
c:\ckgithubprojects\chilkat-for-universal-windows-platform-uwp-vs2015\chilkat\debug\spider.obj
c:\ckgithubprojects\chilkat-for-universal-windows-platform-uwp-vs2015\chilkat\debug\sshkey.obj
c:\ckgithubprojects\chilkat-for-universal-windows-platform-uwp-vs2015\chilkat\debug\stream.obj
c:\ckgithubprojects\chilkat-for-universal-windows-platform-uwp-vs2015\chilkat\debug\tar.obj
c:\ckgithubprojects\chilkat-for-universal-windows-platform-uwp-vs2015\chilkat\debug\xmp.obj
c:\ckgithubprojects\chilkat-for-universal-windows-platform-uwp-vs2015\chilkatuwp\debug\chilkat\chilkat.ilk
c:\ckgithubprojects\chilkat-for-universal-windows-platform-uwp-vs2015\chilkatuwp\debug\chilkat\chilkat.dll
c:\ckgithubprojects\chilkat-for-universal-windows-platform-uwp-vs2015\chilkatuwp\debug\chilkat\chilkat.pdb
c:\ckgithubprojects\chilkat-for-universal-windows-platform-uwp-vs2015\chilkat\debug\embed.resfiles
c:\ckgithubprojects\chilkat-for-universal-windows-platform-uwp-vs2015\chilkat\debug\chilkat.tlog\chilkat.read.1u.tlog
c:\ckgithubprojects\chilkat-for-universal-windows-platform-uwp-vs2015\chilkat\debug\chilkat.tlog\chilkat.write.1u.tlog
c:\ckgithubprojects\chilkat-for-universal-windows-platform-uwp-vs2015\chilkat\debug\chilkat.tlog\cl.command.1.tlog
c:\ckgithubprojects\chilkat-for-universal-windows-platform-uwp-vs2015\chilkat\debug\chilkat.tlog\cl.read.1.tlog
c:\ckgithubprojects\chilkat-for-universal-windows-platform-uwp-vs2015\chilkat\debug\chilkat.tlog\cl.write.1.tlog
c:\ckgithubprojects\chilkat-for-universal-windows-platform-uwp-vs2015\chilkat\debug\chilkat.tlog\link.9308.delete.1.tlog
c:\ckgithubprojects\chilkat-for-universal-windows-platform-uwp-vs2015\chilkat\debug\chilkat.tlog\link.command.1.tlog
c:\ckgithubprojects\chilkat-for-universal-windows-platform-uwp-vs2015\chilkat\debug\chilkat.tlog\link.read.1.tlog
c:\ckgithubprojects\chilkat-for-universal-windows-platform-uwp-vs2015\chilkat\debug\chilkat.tlog\link.write.1.tlog
