c:\ckgithubprojects\chilkat-for-universal-windows-platform-uwp-vs2015\chilkat\release\chilkat\chilkat.winmd
c:\ckgithubprojects\chilkat-for-universal-windows-platform-uwp-vs2015\chilkat\release\chilkat\chilkat.lib
c:\ckgithubprojects\chilkat-for-universal-windows-platform-uwp-vs2015\chilkat\release\chilkat\chilkat.exp
c:\ckgithubprojects\chilkat-for-universal-windows-platform-uwp-vs2015\chilkat\release\priconfig.xml
c:\ckgithubprojects\chilkat-for-universal-windows-platform-uwp-vs2015\chilkat\release\priconfig.xml.intermediate
c:\ckgithubprojects\chilkat-for-universal-windows-platform-uwp-vs2015\chilkat\release\layout.resfiles
c:\ckgithubprojects\chilkat-for-universal-windows-platform-uwp-vs2015\chilkat\release\layout.resfiles.intermediate
c:\ckgithubprojects\chilkat-for-universal-windows-platform-uwp-vs2015\chilkat\release\resources.resfiles
c:\ckgithubprojects\chilkat-for-universal-windows-platform-uwp-vs2015\chilkat\release\resources.resfiles.intermediate
c:\ckgithubprojects\chilkat-for-universal-windows-platform-uwp-vs2015\chilkat\release\pri.resfiles
c:\ckgithubprojects\chilkat-for-universal-windows-platform-uwp-vs2015\chilkat\release\pri.resfiles.intermediate
c:\ckgithubprojects\chilkat-for-universal-windows-platform-uwp-vs2015\chilkat\release\chilkat\chilkat.pri
c:\ckgithubprojects\chilkat-for-universal-windows-platform-uwp-vs2015\chilkat\release\qualifiers.txt
c:\ckgithubprojects\chilkat-for-universal-windows-platform-uwp-vs2015\chilkat\release\qualifiers.txt.intermediate
c:\ckgithubprojects\chilkat-for-universal-windows-platform-uwp-vs2015\chilkat\release\multiplequalifiersperdimensionfound.txt
c:\ckgithubprojects\chilkat-for-universal-windows-platform-uwp-vs2015\chilkat\release\pch.pch
c:\ckgithubprojects\chilkat-for-universal-windows-platform-uwp-vs2015\chilkat\release\vc140.pdb
c:\ckgithubprojects\chilkat-for-universal-windows-platform-uwp-vs2015\chilkat\release\pch.obj
c:\ckgithubprojects\chilkat-for-universal-windows-platform-uwp-vs2015\chilkat\release\asn.obj
c:\ckgithubprojects\chilkat-for-universal-windows-platform-uwp-vs2015\chilkat\release\authgoogle.obj
c:\ckgithubprojects\chilkat-for-universal-windows-platform-uwp-vs2015\chilkat\release\certchain.obj
c:\ckgithubprojects\chilkat-for-universal-windows-platform-uwp-vs2015\chilkat\release\ckdatetime.obj
c:\ckgithubprojects\chilkat-for-universal-windows-platform-uwp-vs2015\chilkat\release\crypt2.obj
c:\ckgithubprojects\chilkat-for-universal-windows-platform-uwp-vs2015\chilkat\release\ftp2.obj
c:\ckgithubprojects\chilkat-for-universal-windows-platform-uwp-vs2015\chilkat\release\mime.obj
c:\ckgithubprojects\chilkat-for-universal-windows-platform-uwp-vs2015\chilkat\release\pem.obj
c:\ckgithubprojects\chilkat-for-universal-windows-platform-uwp-vs2015\chilkat\release\publickey.obj
c:\ckgithubprojects\chilkat-for-universal-windows-platform-uwp-vs2015\chilkat\release\rss.obj
c:\ckgithubprojects\chilkat-for-universal-windows-platform-uwp-vs2015\chilkat\release\serversentevent.obj
c:\ckgithubprojects\chilkat-for-universal-windows-platform-uwp-vs2015\chilkat\release\sftp.obj
c:\ckgithubprojects\chilkat-for-universal-windows-platform-uwp-vs2015\chilkat\release\upload.obj
c:\ckgithubprojects\chilkat-for-universal-windows-platform-uwp-vs2015\chilkat\release\zip.obj
c:\ckgithubprojects\chilkat-for-universal-windows-platform-uwp-vs2015\chilkat\release\atom.obj
c:\ckgithubprojects\chilkat-for-universal-windows-platform-uwp-vs2015\chilkat\release\bz2.obj
c:\ckgithubprojects\chilkat-for-universal-windows-platform-uwp-vs2015\chilkat\release\csv.obj
c:\ckgithubprojects\chilkat-for-universal-windows-platform-uwp-vs2015\chilkat\release\dirtree.obj
c:\ckgithubprojects\chilkat-for-universal-windows-platform-uwp-vs2015\chilkat\release\dsa.obj
c:\ckgithubprojects\chilkat-for-universal-windows-platform-uwp-vs2015\chilkat\release\dtobj.obj
c:\ckgithubprojects\chilkat-for-universal-windows-platform-uwp-vs2015\chilkat\release\ecc.obj
c:\ckgithubprojects\chilkat-for-universal-windows-platform-uwp-vs2015\chilkat\release\emailbundle.obj
c:\ckgithubprojects\chilkat-for-universal-windows-platform-uwp-vs2015\chilkat\release\fileaccess.obj
c:\ckgithubprojects\chilkat-for-universal-windows-platform-uwp-vs2015\chilkat\release\hashtable.obj
c:\ckgithubprojects\chilkat-for-universal-windows-platform-uwp-vs2015\chilkat\release\htmltotext.obj
c:\ckgithubprojects\chilkat-for-universal-windows-platform-uwp-vs2015\chilkat\release\http.obj
c:\ckgithubprojects\chilkat-for-universal-windows-platform-uwp-vs2015\chilkat\release\messageset.obj
c:\ckgithubprojects\chilkat-for-universal-windows-platform-uwp-vs2015\chilkat\release\mht.obj
c:\ckgithubprojects\chilkat-for-universal-windows-platform-uwp-vs2015\chilkat\release\ntlm.obj
c:\ckgithubprojects\chilkat-for-universal-windows-platform-uwp-vs2015\chilkat\release\oauth1.obj
c:\ckgithubprojects\chilkat-for-universal-windows-platform-uwp-vs2015\chilkat\release\pfx.obj
c:\ckgithubprojects\chilkat-for-universal-windows-platform-uwp-vs2015\chilkat\release\privatekey.obj
c:\ckgithubprojects\chilkat-for-universal-windows-platform-uwp-vs2015\chilkat\release\prng.obj
c:\ckgithubprojects\chilkat-for-universal-windows-platform-uwp-vs2015\chilkat\release\rest.obj
c:\ckgithubprojects\chilkat-for-universal-windows-platform-uwp-vs2015\chilkat\release\ssh.obj
c:\ckgithubprojects\chilkat-for-universal-windows-platform-uwp-vs2015\chilkat\release\tar.obj
c:\ckgithubprojects\chilkat-for-universal-windows-platform-uwp-vs2015\chilkat\release\xmp.obj
c:\ckgithubprojects\chilkat-for-universal-windows-platform-uwp-vs2015\chilkat\release\authaws.obj
c:\ckgithubprojects\chilkat-for-universal-windows-platform-uwp-vs2015\chilkat\release\authazurestorage.obj
c:\ckgithubprojects\chilkat-for-universal-windows-platform-uwp-vs2015\chilkat\release\bounce.obj
c:\ckgithubprojects\chilkat-for-universal-windows-platform-uwp-vs2015\chilkat\release\cert.obj
c:\ckgithubprojects\chilkat-for-universal-windows-platform-uwp-vs2015\chilkat\release\charset.obj
c:\ckgithubprojects\chilkat-for-universal-windows-platform-uwp-vs2015\chilkat\release\compression.obj
c:\ckgithubprojects\chilkat-for-universal-windows-platform-uwp-vs2015\chilkat\release\htmltoxml.obj
c:\ckgithubprojects\chilkat-for-universal-windows-platform-uwp-vs2015\chilkat\release\httprequest.obj
c:\ckgithubprojects\chilkat-for-universal-windows-platform-uwp-vs2015\chilkat\release\httpresponse.obj
c:\ckgithubprojects\chilkat-for-universal-windows-platform-uwp-vs2015\chilkat\release\javakeystore.obj
c:\ckgithubprojects\chilkat-for-universal-windows-platform-uwp-vs2015\chilkat\release\jsonarray.obj
c:\ckgithubprojects\chilkat-for-universal-windows-platform-uwp-vs2015\chilkat\release\jsonobject.obj
c:\ckgithubprojects\chilkat-for-universal-windows-platform-uwp-vs2015\chilkat\release\jwt.obj
c:\ckgithubprojects\chilkat-for-universal-windows-platform-uwp-vs2015\chilkat\release\log.obj
c:\ckgithubprojects\chilkat-for-universal-windows-platform-uwp-vs2015\chilkat\release\mailboxes.obj
c:\ckgithubprojects\chilkat-for-universal-windows-platform-uwp-vs2015\chilkat\release\mailman.obj
c:\ckgithubprojects\chilkat-for-universal-windows-platform-uwp-vs2015\chilkat\release\sftpdir.obj
c:\ckgithubprojects\chilkat-for-universal-windows-platform-uwp-vs2015\chilkat\release\sftpfile.obj
c:\ckgithubprojects\chilkat-for-universal-windows-platform-uwp-vs2015\chilkat\release\spider.obj
c:\ckgithubprojects\chilkat-for-universal-windows-platform-uwp-vs2015\chilkat\release\sshkey.obj
c:\ckgithubprojects\chilkat-for-universal-windows-platform-uwp-vs2015\chilkat\release\stream.obj
c:\ckgithubprojects\chilkat-for-universal-windows-platform-uwp-vs2015\chilkat\release\stringarray.obj
c:\ckgithubprojects\chilkat-for-universal-windows-platform-uwp-vs2015\chilkat\release\stringbuilder.obj
c:\ckgithubprojects\chilkat-for-universal-windows-platform-uwp-vs2015\chilkat\release\trustedroots.obj
c:\ckgithubprojects\chilkat-for-universal-windows-platform-uwp-vs2015\chilkat\release\url.obj
c:\ckgithubprojects\chilkat-for-universal-windows-platform-uwp-vs2015\chilkat\release\xml.obj
c:\ckgithubprojects\chilkat-for-universal-windows-platform-uwp-vs2015\chilkat\release\zipcrc.obj
c:\ckgithubprojects\chilkat-for-universal-windows-platform-uwp-vs2015\chilkat\release\authazuread.obj
c:\ckgithubprojects\chilkat-for-universal-windows-platform-uwp-vs2015\chilkat\release\cache.obj
c:\ckgithubprojects\chilkat-for-universal-windows-platform-uwp-vs2015\chilkat\release\certstore.obj
c:\ckgithubprojects\chilkat-for-universal-windows-platform-uwp-vs2015\chilkat\release\chilkatptr.obj
c:\ckgithubprojects\chilkat-for-universal-windows-platform-uwp-vs2015\chilkat\release\dh.obj
c:\ckgithubprojects\chilkat-for-universal-windows-platform-uwp-vs2015\chilkat\release\dkim.obj
c:\ckgithubprojects\chilkat-for-universal-windows-platform-uwp-vs2015\chilkat\release\email.obj
c:\ckgithubprojects\chilkat-for-universal-windows-platform-uwp-vs2015\chilkat\release\global.obj
c:\ckgithubprojects\chilkat-for-universal-windows-platform-uwp-vs2015\chilkat\release\gzip.obj
c:\ckgithubprojects\chilkat-for-universal-windows-platform-uwp-vs2015\chilkat\release\imap.obj
c:\ckgithubprojects\chilkat-for-universal-windows-platform-uwp-vs2015\chilkat\release\rsa.obj
c:\ckgithubprojects\chilkat-for-universal-windows-platform-uwp-vs2015\chilkat\release\scp.obj
c:\ckgithubprojects\chilkat-for-universal-windows-platform-uwp-vs2015\chilkat\release\socket.obj
c:\ckgithubprojects\chilkat-for-universal-windows-platform-uwp-vs2015\chilkat\release\unixcompress.obj
c:\ckgithubprojects\chilkat-for-universal-windows-platform-uwp-vs2015\chilkat\release\xmlcertvault.obj
c:\ckgithubprojects\chilkat-for-universal-windows-platform-uwp-vs2015\chilkat\release\zipentry.obj
c:\ckgithubprojects\chilkat-for-universal-windows-platform-uwp-vs2015\chilkat\release\chilkat\chilkat.dll
c:\ckgithubprojects\chilkat-for-universal-windows-platform-uwp-vs2015\chilkat\release\chilkat\chilkat.pdb
c:\ckgithubprojects\chilkat-for-universal-windows-platform-uwp-vs2015\chilkat\release\embed.resfiles
c:\ckgithubprojects\chilkat-for-universal-windows-platform-uwp-vs2015\chilkat\release\chilkat.tlog\chilkat.read.1u.tlog
c:\ckgithubprojects\chilkat-for-universal-windows-platform-uwp-vs2015\chilkat\release\chilkat.tlog\chilkat.write.1u.tlog
c:\ckgithubprojects\chilkat-for-universal-windows-platform-uwp-vs2015\chilkat\release\chilkat.tlog\cl.command.1.tlog
c:\ckgithubprojects\chilkat-for-universal-windows-platform-uwp-vs2015\chilkat\release\chilkat.tlog\cl.read.1.tlog
c:\ckgithubprojects\chilkat-for-universal-windows-platform-uwp-vs2015\chilkat\release\chilkat.tlog\cl.write.1.tlog
c:\ckgithubprojects\chilkat-for-universal-windows-platform-uwp-vs2015\chilkat\release\chilkat.tlog\link.command.1.tlog
c:\ckgithubprojects\chilkat-for-universal-windows-platform-uwp-vs2015\chilkat\release\chilkat.tlog\link.read.1.tlog
c:\ckgithubprojects\chilkat-for-universal-windows-platform-uwp-vs2015\chilkat\release\chilkat.tlog\link.write.1.tlog
